cmd : WARNING: A terminally 
deprecated method in sun.misc.Unsafe 
has been called
At line:1 char:1
+ cmd /c mvn spring-boot:run > 
run_output_v4.log 2>&1
+ ~~~~~~~~~~~~~~~~~~~~~~~~~~~~~~~~~~~~
~~~~~~~~~~~~~~~
    + CategoryInfo          : NotSpec 
   ified: (WARNING: A term...has bee  
  n called:String) [], RemoteExcept   
 ion
    + FullyQualifiedErrorId : NativeC 
   ommandError
 
WARNING: 
sun.misc.Unsafe::staticFieldBase has 
been called by com.google.inject.inter
nal.aop.HiddenClassDefiner (file:/C:/a
pache-maven-3.9.11/lib/guice-5.1.0-cla
sses.jar)
WARNING: Please consider reporting 
this to the maintainers of class com.g
oogle.inject.internal.aop.HiddenClassD
efiner
WARNING: 
sun.misc.Unsafe::staticFieldBase will 
be removed in a future release
[INFO] Scanning for projects...
[INFO] 
[INFO] ---------------------< com.yourname:inventory-pro >---------------------
[INFO] Building Inventory Management System 1.0-SNAPSHOT
[INFO]   from pom.xml
[INFO] --------------------------------[ jar ]---------------------------------
[INFO] 
[INFO] >>> spring-boot:3.2.4:run (default-cli) > test-compile @ inventory-pro >>>
[WARNING] 6 problems were encountered while building the effective model for org.openjfx:javafx-controls:jar:21 during dependency collection step for project (use -X to see details)
[INFO] 
[INFO] --- resources:3.3.1:resources (default-resources) @ inventory-pro ---
[INFO] Copying 1 resource from src\main\resources to target\classes
[INFO] Copying 5 resources from src\main\resources to target\classes
[INFO] 
[INFO] --- compiler:3.11.0:compile (default-compile) @ inventory-pro ---
[INFO] Nothing to compile - all classes are up to date
[INFO] 
[INFO] --- resources:3.3.1:testResources (default-testResources) @ inventory-pro ---
[INFO] skip non existing resourceDirectory D:\programming\Inventory_Management\src\test\resources
[INFO] 
[INFO] --- compiler:3.11.0:testCompile (default-testCompile) @ inventory-pro ---
[INFO] Nothing to compile - all classes are up to date
[INFO] 
[INFO] <<< spring-boot:3.2.4:run (default-cli) < test-compile @ inventory-pro <<<
[INFO] 
[INFO] 
[INFO] --- spring-boot:3.2.4:run (default-cli) @ inventory-pro ---
[INFO] Attaching agents: []
Feb 09, 2026 11:37:47 PM com.sun.javafx.application.PlatformImpl startup
WARNING: Unsupported JavaFX configuration: classes were loaded from 'unnamed module @2dfdfa29'
WARNING: A restricted method in java.lang.System has been called
WARNING: java.lang.System::load has been called by com.sun.glass.utils.NativeLibLoader in an unnamed module (file:/C:/Users/ASUS/.m2/repository/org/openjfx/javafx-graphics/21/javafx-graphics-21-win.jar)
WARNING: Use --enable-native-access=ALL-UNNAMED to avoid a warning for callers in this module
WARNING: Restricted methods will be blocked in a future release unless native access is enabled

Standard Commons Logging discovery in action with spring-jcl: please remove commons-logging.jar from classpath in order to avoid potential conflicts

  .   ____          _            __ _ _
 /\\ / ___'_ __ _ _(_)_ __  __ _ \ \ \ \
( ( )\___ | '_ | '_| | '_ \/ _` | \ \ \ \
 \\/  ___)| |_)| | | | | || (_| |  ) ) ) )
  '  |____| .__|_| |_|_| |_\__, | / / / /
 =========|_|==============|___/=/_/_/_/
 :: Spring Boot ::                (v3.2.4)

2026-02-09T23:37:48.577+05:45  INFO 16624 --- [JavaFX-Launcher] o.s.boot.SpringApplication               : Starting application using Java 25.0.2 with PID 16624 (started by ASUS in D:\programming\Inventory_Management)
2026-02-09T23:37:48.579+05:45  INFO 16624 --- [JavaFX-Launcher] o.s.boot.SpringApplication               : No active profile set, falling back to 1 default profile: "default"
2026-02-09T23:37:49.051+05:45  INFO 16624 --- [JavaFX-Launcher] .s.d.r.c.RepositoryConfigurationDelegate : Bootstrapping Spring Data JPA repositories in DEFAULT mode.
2026-02-09T23:37:49.114+05:45  INFO 16624 --- [JavaFX-Launcher] .s.d.r.c.RepositoryConfigurationDelegate : Finished Spring Data repository scanning in 54 ms. Found 1 JPA repository interface.
2026-02-09T23:37:49.507+05:45  INFO 16624 --- [JavaFX-Launcher] o.hibernate.jpa.internal.util.LogHelper  : HHH000204: Processing PersistenceUnitInfo [name: default]
2026-02-09T23:37:49.560+05:45  INFO 16624 --- [JavaFX-Launcher] org.hibernate.Version                    : HHH000412: Hibernate ORM core version 6.4.4.Final
2026-02-09T23:37:49.595+05:45  INFO 16624 --- [JavaFX-Launcher] o.h.c.internal.RegionFactoryInitiator    : HHH000026: Second-level cache disabled
2026-02-09T23:37:49.916+05:45  INFO 16624 --- [JavaFX-Launcher] o.s.o.j.p.SpringPersistenceUnitInfo      : No LoadTimeWeaver setup: ignoring JPA class transformer
2026-02-09T23:37:49.945+05:45  INFO 16624 --- [JavaFX-Launcher] com.zaxxer.hikari.HikariDataSource       : HikariPool-1 - Starting...
2026-02-09T23:37:50.380+05:45  INFO 16624 --- [JavaFX-Launcher] com.zaxxer.hikari.pool.HikariPool        : HikariPool-1 - Added connection conn1: url=jdbc:h2:file:./data/inventory_db user=ADMIN
2026-02-09T23:37:50.380+05:45  INFO 16624 --- [JavaFX-Launcher] com.zaxxer.hikari.HikariDataSource       : HikariPool-1 - Start completed.
2026-02-09T23:37:51.604+05:45  INFO 16624 --- [JavaFX-Launcher] o.h.e.t.j.p.i.JtaPlatformInitiator       : HHH000489: No JTA platform available (set 'hibernate.transaction.jta.platform' to enable JTA platform integration)
2026-02-09T23:37:51.680+05:45  INFO 16624 --- [JavaFX-Launcher] j.LocalContainerEntityManagerFactoryBean : Initialized JPA EntityManagerFactory for persistence unit 'default'
2026-02-09T23:37:52.152+05:45  INFO 16624 --- [JavaFX-Launcher] o.s.boot.SpringApplication               : Started application in 4.062 seconds (process running for 5.025)
WARNING: A terminally deprecated method in sun.misc.Unsafe has been called
WARNING: sun.misc.Unsafe::allocateMemory has been called by com.sun.marlin.OffHeapArray (file:/C:/Users/ASUS/.m2/repository/org/openjfx/javafx-graphics/21/javafx-graphics-21-win.jar)
WARNING: Please consider reporting this to the maintainers of class com.sun.marlin.OffHeapArray
WARNING: sun.misc.Unsafe::allocateMemory will be removed in a future release
